<?xml version="1.0" encoding="UTF-8"?>
<!-- Generated by org.testng.reporters.JUnitReportReporter -->
<testsuite hostname="DESKTOP-FTMUMGH" failures="0" tests="1" name="TestScenarios.TestMethods_ContatctUs" time="0.183" errors="0" timestamp="2022-10-29T22:32:22 IST" skipped="0">
  <testcase classname="TestScenarios.TestMethods_ContatctUs" name="SearchOperation" time="0.183"/>
  <system-out/>
</testsuite> <!-- TestScenarios.TestMethods_ContatctUs -->
